<?xml version='1.0' encoding='UTF-8'?>
<testsuite hostname="DESKTOP-H2KK39L" name="CompanyValidatorTest" tests="4" errors="0" failures="0" skipped="0" time="0.108" timestamp="2021-05-05T14:40:05">
                     <properties>
[...]
</properties>
                     <testcase classname="CompanyValidatorTest" name="valid email and valid company should return true" time="0.102">
                                                 
                                               </testcase><testcase classname="CompanyValidatorTest" name="valid email but existing company should return false" time="0.002">
                                                 
                                               </testcase><testcase classname="CompanyValidatorTest" name="invalid email but valid company should return false" time="0.002">
                                                 
                                               </testcase><testcase classname="CompanyValidatorTest" name="invalid email and invalid company should return false" time="0.002">
                                                 
                                               </testcase>
                     <system-out><![CDATA[]]></system-out>
                     <system-err><![CDATA[]]></system-err>
                   </testsuite>